[2021-05-12 19:28:14] local.ERROR: SQLSTATE[HY000] [2054] The server requested authentication method unknown to the client (SQL: create table `migrations` (`id` int unsigned not null auto_increment primary key, `migration` varchar(255) not null, `batch` int not null) default character set utf8mb4 collate 'utf8mb4_unicode_ci') {"exception":"[object] (Illuminate\\Database\\QueryException(code: 2054): SQLSTATE[HY000] [2054] The server requested authentication method unknown to the client (SQL: create table `migrations` (`id` int unsigned not null auto_increment primary key, `migration` varchar(255) not null, `batch` int not null) default character set utf8mb4 collate 'utf8mb4_unicode_ci') at /Users/geanfelipe/php-projects/api-series/vendor/illuminate/database/Connection.php:678)
[stacktrace]
#0 /Users/geanfelipe/php-projects/api-series/vendor/illuminate/database/Connection.php(638): Illuminate\\Database\\Connection->runQueryCallback('create table `m...', Array, Object(Closure))
#1 /Users/geanfelipe/php-projects/api-series/vendor/illuminate/database/Connection.php(472): Illuminate\\Database\\Connection->run('create table `m...', Array, Object(Closure))
#2 /Users/geanfelipe/php-projects/api-series/vendor/illuminate/database/Schema/Blueprint.php(109): Illuminate\\Database\\Connection->statement('create table `m...')
#3 /Users/geanfelipe/php-projects/api-series/vendor/illuminate/database/Schema/Builder.php(359): Illuminate\\Database\\Schema\\Blueprint->build(Object(Illuminate\\Database\\MySqlConnection), Object(Illuminate\\Database\\Schema\\Grammars\\MySqlGrammar))
#4 /Users/geanfelipe/php-projects/api-series/vendor/illuminate/database/Schema/Builder.php(222): Illuminate\\Database\\Schema\\Builder->build(Object(Illuminate\\Database\\Schema\\Blueprint))
#5 /Users/geanfelipe/php-projects/api-series/vendor/illuminate/database/Migrations/DatabaseMigrationRepository.php(157): Illuminate\\Database\\Schema\\Builder->create('migrations', Object(Closure))
#6 /Users/geanfelipe/php-projects/api-series/vendor/illuminate/database/Console/Migrations/InstallCommand.php(54): Illuminate\\Database\\Migrations\\DatabaseMigrationRepository->createRepository()
#7 /Users/geanfelipe/php-projects/api-series/vendor/illuminate/container/BoundMethod.php(36): Illuminate\\Database\\Console\\Migrations\\InstallCommand->handle()
#8 /Users/geanfelipe/php-projects/api-series/vendor/illuminate/container/Util.php(40): Illuminate\\Container\\BoundMethod::Illuminate\\Container\\{closure}()
#9 /Users/geanfelipe/php-projects/api-series/vendor/illuminate/container/BoundMethod.php(93): Illuminate\\Container\\Util::unwrapIfClosure(Object(Closure))
#10 /Users/geanfelipe/php-projects/api-series/vendor/illuminate/container/BoundMethod.php(37): Illuminate\\Container\\BoundMethod::callBoundMethod(Object(Laravel\\Lumen\\Application), Array, Object(Closure))
#11 /Users/geanfelipe/php-projects/api-series/vendor/illuminate/container/Container.php(611): Illuminate\\Container\\BoundMethod::call(Object(Laravel\\Lumen\\Application), Array, Array, NULL)
#12 /Users/geanfelipe/php-projects/api-series/vendor/illuminate/console/Command.php(136): Illuminate\\Container\\Container->call(Array)
#13 /Users/geanfelipe/php-projects/api-series/vendor/symfony/console/Command/Command.php(256): Illuminate\\Console\\Command->execute(Object(Symfony\\Component\\Console\\Input\\ArgvInput), Object(Illuminate\\Console\\OutputStyle))
#14 /Users/geanfelipe/php-projects/api-series/vendor/illuminate/console/Command.php(121): Symfony\\Component\\Console\\Command\\Command->run(Object(Symfony\\Component\\Console\\Input\\ArgvInput), Object(Illuminate\\Console\\OutputStyle))
#15 /Users/geanfelipe/php-projects/api-series/vendor/symfony/console/Application.php(971): Illuminate\\Console\\Command->run(Object(Symfony\\Component\\Console\\Input\\ArgvInput), Object(Symfony\\Component\\Console\\Output\\ConsoleOutput))
#16 /Users/geanfelipe/php-projects/api-series/vendor/symfony/console/Application.php(290): Symfony\\Component\\Console\\Application->doRunCommand(Object(Illuminate\\Database\\Console\\Migrations\\InstallCommand), Object(Symfony\\Component\\Console\\Input\\ArgvInput), Object(Symfony\\Component\\Console\\Output\\ConsoleOutput))
#17 /Users/geanfelipe/php-projects/api-series/vendor/symfony/console/Application.php(166): Symfony\\Component\\Console\\Application->doRun(Object(Symfony\\Component\\Console\\Input\\ArgvInput), Object(Symfony\\Component\\Console\\Output\\ConsoleOutput))
#18 /Users/geanfelipe/php-projects/api-series/vendor/illuminate/console/Application.php(92): Symfony\\Component\\Console\\Application->run(Object(Symfony\\Component\\Console\\Input\\ArgvInput), Object(Symfony\\Component\\Console\\Output\\ConsoleOutput))
#19 /Users/geanfelipe/php-projects/api-series/vendor/laravel/lumen-framework/src/Console/Kernel.php(116): Illuminate\\Console\\Application->run(Object(Symfony\\Component\\Console\\Input\\ArgvInput), Object(Symfony\\Component\\Console\\Output\\ConsoleOutput))
#20 /Users/geanfelipe/php-projects/api-series/artisan(35): Laravel\\Lumen\\Console\\Kernel->handle(Object(Symfony\\Component\\Console\\Input\\ArgvInput), Object(Symfony\\Component\\Console\\Output\\ConsoleOutput))
#21 {main}

[previous exception] [object] (PDOException(code: 2054): SQLSTATE[HY000] [2054] The server requested authentication method unknown to the client at /Users/geanfelipe/php-projects/api-series/vendor/illuminate/database/Connectors/Connector.php:70)
[stacktrace]
#0 /Users/geanfelipe/php-projects/api-series/vendor/illuminate/database/Connectors/Connector.php(70): PDO->__construct('mysql:host=127....', 'root', '1234', Array)
#1 /Users/geanfelipe/php-projects/api-series/vendor/illuminate/database/Connectors/Connector.php(46): Illuminate\\Database\\Connectors\\Connector->createPdoConnection('mysql:host=127....', 'root', '1234', Array)
#2 /Users/geanfelipe/php-projects/api-series/vendor/illuminate/database/Connectors/MySqlConnector.php(24): Illuminate\\Database\\Connectors\\Connector->createConnection('mysql:host=127....', Array, Array)
#3 /Users/geanfelipe/php-projects/api-series/vendor/illuminate/database/Connectors/ConnectionFactory.php(184): Illuminate\\Database\\Connectors\\MySqlConnector->connect(Array)
#4 [internal function]: Illuminate\\Database\\Connectors\\ConnectionFactory->Illuminate\\Database\\Connectors\\{closure}()
#5 /Users/geanfelipe/php-projects/api-series/vendor/illuminate/database/Connection.php(949): call_user_func(Object(Closure))
#6 /Users/geanfelipe/php-projects/api-series/vendor/illuminate/database/Connection.php(465): Illuminate\\Database\\Connection->getPdo()
#7 /Users/geanfelipe/php-projects/api-series/vendor/illuminate/database/Connection.php(671): Illuminate\\Database\\Connection->Illuminate\\Database\\{closure}('create table `m...', Array)
#8 /Users/geanfelipe/php-projects/api-series/vendor/illuminate/database/Connection.php(638): Illuminate\\Database\\Connection->runQueryCallback('create table `m...', Array, Object(Closure))
#9 /Users/geanfelipe/php-projects/api-series/vendor/illuminate/database/Connection.php(472): Illuminate\\Database\\Connection->run('create table `m...', Array, Object(Closure))
#10 /Users/geanfelipe/php-projects/api-series/vendor/illuminate/database/Schema/Blueprint.php(109): Illuminate\\Database\\Connection->statement('create table `m...')
#11 /Users/geanfelipe/php-projects/api-series/vendor/illuminate/database/Schema/Builder.php(359): Illuminate\\Database\\Schema\\Blueprint->build(Object(Illuminate\\Database\\MySqlConnection), Object(Illuminate\\Database\\Schema\\Grammars\\MySqlGrammar))
#12 /Users/geanfelipe/php-projects/api-series/vendor/illuminate/database/Schema/Builder.php(222): Illuminate\\Database\\Schema\\Builder->build(Object(Illuminate\\Database\\Schema\\Blueprint))
#13 /Users/geanfelipe/php-projects/api-series/vendor/illuminate/database/Migrations/DatabaseMigrationRepository.php(157): Illuminate\\Database\\Schema\\Builder->create('migrations', Object(Closure))
#14 /Users/geanfelipe/php-projects/api-series/vendor/illuminate/database/Console/Migrations/InstallCommand.php(54): Illuminate\\Database\\Migrations\\DatabaseMigrationRepository->createRepository()
#15 /Users/geanfelipe/php-projects/api-series/vendor/illuminate/container/BoundMethod.php(36): Illuminate\\Database\\Console\\Migrations\\InstallCommand->handle()
#16 /Users/geanfelipe/php-projects/api-series/vendor/illuminate/container/Util.php(40): Illuminate\\Container\\BoundMethod::Illuminate\\Container\\{closure}()
#17 /Users/geanfelipe/php-projects/api-series/vendor/illuminate/container/BoundMethod.php(93): Illuminate\\Container\\Util::unwrapIfClosure(Object(Closure))
#18 /Users/geanfelipe/php-projects/api-series/vendor/illuminate/container/BoundMethod.php(37): Illuminate\\Container\\BoundMethod::callBoundMethod(Object(Laravel\\Lumen\\Application), Array, Object(Closure))
#19 /Users/geanfelipe/php-projects/api-series/vendor/illuminate/container/Container.php(611): Illuminate\\Container\\BoundMethod::call(Object(Laravel\\Lumen\\Application), Array, Array, NULL)
#20 /Users/geanfelipe/php-projects/api-series/vendor/illuminate/console/Command.php(136): Illuminate\\Container\\Container->call(Array)
#21 /Users/geanfelipe/php-projects/api-series/vendor/symfony/console/Command/Command.php(256): Illuminate\\Console\\Command->execute(Object(Symfony\\Component\\Console\\Input\\ArgvInput), Object(Illuminate\\Console\\OutputStyle))
#22 /Users/geanfelipe/php-projects/api-series/vendor/illuminate/console/Command.php(121): Symfony\\Component\\Console\\Command\\Command->run(Object(Symfony\\Component\\Console\\Input\\ArgvInput), Object(Illuminate\\Console\\OutputStyle))
#23 /Users/geanfelipe/php-projects/api-series/vendor/symfony/console/Application.php(971): Illuminate\\Console\\Command->run(Object(Symfony\\Component\\Console\\Input\\ArgvInput), Object(Symfony\\Component\\Console\\Output\\ConsoleOutput))
#24 /Users/geanfelipe/php-projects/api-series/vendor/symfony/console/Application.php(290): Symfony\\Component\\Console\\Application->doRunCommand(Object(Illuminate\\Database\\Console\\Migrations\\InstallCommand), Object(Symfony\\Component\\Console\\Input\\ArgvInput), Object(Symfony\\Component\\Console\\Output\\ConsoleOutput))
#25 /Users/geanfelipe/php-projects/api-series/vendor/symfony/console/Application.php(166): Symfony\\Component\\Console\\Application->doRun(Object(Symfony\\Component\\Console\\Input\\ArgvInput), Object(Symfony\\Component\\Console\\Output\\ConsoleOutput))
#26 /Users/geanfelipe/php-projects/api-series/vendor/illuminate/console/Application.php(92): Symfony\\Component\\Console\\Application->run(Object(Symfony\\Component\\Console\\Input\\ArgvInput), Object(Symfony\\Component\\Console\\Output\\ConsoleOutput))
#27 /Users/geanfelipe/php-projects/api-series/vendor/laravel/lumen-framework/src/Console/Kernel.php(116): Illuminate\\Console\\Application->run(Object(Symfony\\Component\\Console\\Input\\ArgvInput), Object(Symfony\\Component\\Console\\Output\\ConsoleOutput))
#28 /Users/geanfelipe/php-projects/api-series/artisan(35): Laravel\\Lumen\\Console\\Kernel->handle(Object(Symfony\\Component\\Console\\Input\\ArgvInput), Object(Symfony\\Component\\Console\\Output\\ConsoleOutput))
#29 {main}

[previous exception] [object] (PDOException(code: 0): PDO::__construct(): The server requested authentication method unknown to the client [caching_sha2_password] at /Users/geanfelipe/php-projects/api-series/vendor/illuminate/database/Connectors/Connector.php:70)
[stacktrace]
#0 /Users/geanfelipe/php-projects/api-series/vendor/illuminate/database/Connectors/Connector.php(70): PDO->__construct('mysql:host=127....', 'root', '1234', Array)
#1 /Users/geanfelipe/php-projects/api-series/vendor/illuminate/database/Connectors/Connector.php(46): Illuminate\\Database\\Connectors\\Connector->createPdoConnection('mysql:host=127....', 'root', '1234', Array)
#2 /Users/geanfelipe/php-projects/api-series/vendor/illuminate/database/Connectors/MySqlConnector.php(24): Illuminate\\Database\\Connectors\\Connector->createConnection('mysql:host=127....', Array, Array)
#3 /Users/geanfelipe/php-projects/api-series/vendor/illuminate/database/Connectors/ConnectionFactory.php(184): Illuminate\\Database\\Connectors\\MySqlConnector->connect(Array)
#4 [internal function]: Illuminate\\Database\\Connectors\\ConnectionFactory->Illuminate\\Database\\Connectors\\{closure}()
#5 /Users/geanfelipe/php-projects/api-series/vendor/illuminate/database/Connection.php(949): call_user_func(Object(Closure))
#6 /Users/geanfelipe/php-projects/api-series/vendor/illuminate/database/Connection.php(465): Illuminate\\Database\\Connection->getPdo()
#7 /Users/geanfelipe/php-projects/api-series/vendor/illuminate/database/Connection.php(671): Illuminate\\Database\\Connection->Illuminate\\Database\\{closure}('create table `m...', Array)
#8 /Users/geanfelipe/php-projects/api-series/vendor/illuminate/database/Connection.php(638): Illuminate\\Database\\Connection->runQueryCallback('create table `m...', Array, Object(Closure))
#9 /Users/geanfelipe/php-projects/api-series/vendor/illuminate/database/Connection.php(472): Illuminate\\Database\\Connection->run('create table `m...', Array, Object(Closure))
#10 /Users/geanfelipe/php-projects/api-series/vendor/illuminate/database/Schema/Blueprint.php(109): Illuminate\\Database\\Connection->statement('create table `m...')
#11 /Users/geanfelipe/php-projects/api-series/vendor/illuminate/database/Schema/Builder.php(359): Illuminate\\Database\\Schema\\Blueprint->build(Object(Illuminate\\Database\\MySqlConnection), Object(Illuminate\\Database\\Schema\\Grammars\\MySqlGrammar))
#12 /Users/geanfelipe/php-projects/api-series/vendor/illuminate/database/Schema/Builder.php(222): Illuminate\\Database\\Schema\\Builder->build(Object(Illuminate\\Database\\Schema\\Blueprint))
#13 /Users/geanfelipe/php-projects/api-series/vendor/illuminate/database/Migrations/DatabaseMigrationRepository.php(157): Illuminate\\Database\\Schema\\Builder->create('migrations', Object(Closure))
#14 /Users/geanfelipe/php-projects/api-series/vendor/illuminate/database/Console/Migrations/InstallCommand.php(54): Illuminate\\Database\\Migrations\\DatabaseMigrationRepository->createRepository()
#15 /Users/geanfelipe/php-projects/api-series/vendor/illuminate/container/BoundMethod.php(36): Illuminate\\Database\\Console\\Migrations\\InstallCommand->handle()
#16 /Users/geanfelipe/php-projects/api-series/vendor/illuminate/container/Util.php(40): Illuminate\\Container\\BoundMethod::Illuminate\\Container\\{closure}()
#17 /Users/geanfelipe/php-projects/api-series/vendor/illuminate/container/BoundMethod.php(93): Illuminate\\Container\\Util::unwrapIfClosure(Object(Closure))
#18 /Users/geanfelipe/php-projects/api-series/vendor/illuminate/container/BoundMethod.php(37): Illuminate\\Container\\BoundMethod::callBoundMethod(Object(Laravel\\Lumen\\Application), Array, Object(Closure))
#19 /Users/geanfelipe/php-projects/api-series/vendor/illuminate/container/Container.php(611): Illuminate\\Container\\BoundMethod::call(Object(Laravel\\Lumen\\Application), Array, Array, NULL)
#20 /Users/geanfelipe/php-projects/api-series/vendor/illuminate/console/Command.php(136): Illuminate\\Container\\Container->call(Array)
#21 /Users/geanfelipe/php-projects/api-series/vendor/symfony/console/Command/Command.php(256): Illuminate\\Console\\Command->execute(Object(Symfony\\Component\\Console\\Input\\ArgvInput), Object(Illuminate\\Console\\OutputStyle))
#22 /Users/geanfelipe/php-projects/api-series/vendor/illuminate/console/Command.php(121): Symfony\\Component\\Console\\Command\\Command->run(Object(Symfony\\Component\\Console\\Input\\ArgvInput), Object(Illuminate\\Console\\OutputStyle))
#23 /Users/geanfelipe/php-projects/api-series/vendor/symfony/console/Application.php(971): Illuminate\\Console\\Command->run(Object(Symfony\\Component\\Console\\Input\\ArgvInput), Object(Symfony\\Component\\Console\\Output\\ConsoleOutput))
#24 /Users/geanfelipe/php-projects/api-series/vendor/symfony/console/Application.php(290): Symfony\\Component\\Console\\Application->doRunCommand(Object(Illuminate\\Database\\Console\\Migrations\\InstallCommand), Object(Symfony\\Component\\Console\\Input\\ArgvInput), Object(Symfony\\Component\\Console\\Output\\ConsoleOutput))
#25 /Users/geanfelipe/php-projects/api-series/vendor/symfony/console/Application.php(166): Symfony\\Component\\Console\\Application->doRun(Object(Symfony\\Component\\Console\\Input\\ArgvInput), Object(Symfony\\Component\\Console\\Output\\ConsoleOutput))
#26 /Users/geanfelipe/php-projects/api-series/vendor/illuminate/console/Application.php(92): Symfony\\Component\\Console\\Application->run(Object(Symfony\\Component\\Console\\Input\\ArgvInput), Object(Symfony\\Component\\Console\\Output\\ConsoleOutput))
#27 /Users/geanfelipe/php-projects/api-series/vendor/laravel/lumen-framework/src/Console/Kernel.php(116): Illuminate\\Console\\Application->run(Object(Symfony\\Component\\Console\\Input\\ArgvInput), Object(Symfony\\Component\\Console\\Output\\ConsoleOutput))
#28 /Users/geanfelipe/php-projects/api-series/artisan(35): Laravel\\Lumen\\Console\\Kernel->handle(Object(Symfony\\Component\\Console\\Input\\ArgvInput), Object(Symfony\\Component\\Console\\Output\\ConsoleOutput))
#29 {main}
"} 
[2021-05-12 19:32:50] local.ERROR: SQLSTATE[HY000] [2054] The server requested authentication method unknown to the client (SQL: create table `migrations` (`id` int unsigned not null auto_increment primary key, `migration` varchar(255) not null, `batch` int not null) default character set utf8mb4 collate 'utf8mb4_unicode_ci') {"exception":"[object] (Illuminate\\Database\\QueryException(code: 2054): SQLSTATE[HY000] [2054] The server requested authentication method unknown to the client (SQL: create table `migrations` (`id` int unsigned not null auto_increment primary key, `migration` varchar(255) not null, `batch` int not null) default character set utf8mb4 collate 'utf8mb4_unicode_ci') at /Users/geanfelipe/php-projects/api-series/vendor/illuminate/database/Connection.php:678)
[stacktrace]
#0 /Users/geanfelipe/php-projects/api-series/vendor/illuminate/database/Connection.php(638): Illuminate\\Database\\Connection->runQueryCallback('create table `m...', Array, Object(Closure))
#1 /Users/geanfelipe/php-projects/api-series/vendor/illuminate/database/Connection.php(472): Illuminate\\Database\\Connection->run('create table `m...', Array, Object(Closure))
#2 /Users/geanfelipe/php-projects/api-series/vendor/illuminate/database/Schema/Blueprint.php(109): Illuminate\\Database\\Connection->statement('create table `m...')
#3 /Users/geanfelipe/php-projects/api-series/vendor/illuminate/database/Schema/Builder.php(359): Illuminate\\Database\\Schema\\Blueprint->build(Object(Illuminate\\Database\\MySqlConnection), Object(Illuminate\\Database\\Schema\\Grammars\\MySqlGrammar))
#4 /Users/geanfelipe/php-projects/api-series/vendor/illuminate/database/Schema/Builder.php(222): Illuminate\\Database\\Schema\\Builder->build(Object(Illuminate\\Database\\Schema\\Blueprint))
#5 /Users/geanfelipe/php-projects/api-series/vendor/illuminate/database/Migrations/DatabaseMigrationRepository.php(157): Illuminate\\Database\\Schema\\Builder->create('migrations', Object(Closure))
#6 /Users/geanfelipe/php-projects/api-series/vendor/illuminate/database/Console/Migrations/InstallCommand.php(54): Illuminate\\Database\\Migrations\\DatabaseMigrationRepository->createRepository()
#7 /Users/geanfelipe/php-projects/api-series/vendor/illuminate/container/BoundMethod.php(36): Illuminate\\Database\\Console\\Migrations\\InstallCommand->handle()
#8 /Users/geanfelipe/php-projects/api-series/vendor/illuminate/container/Util.php(40): Illuminate\\Container\\BoundMethod::Illuminate\\Container\\{closure}()
#9 /Users/geanfelipe/php-projects/api-series/vendor/illuminate/container/BoundMethod.php(93): Illuminate\\Container\\Util::unwrapIfClosure(Object(Closure))
#10 /Users/geanfelipe/php-projects/api-series/vendor/illuminate/container/BoundMethod.php(37): Illuminate\\Container\\BoundMethod::callBoundMethod(Object(Laravel\\Lumen\\Application), Array, Object(Closure))
#11 /Users/geanfelipe/php-projects/api-series/vendor/illuminate/container/Container.php(611): Illuminate\\Container\\BoundMethod::call(Object(Laravel\\Lumen\\Application), Array, Array, NULL)
#12 /Users/geanfelipe/php-projects/api-series/vendor/illuminate/console/Command.php(136): Illuminate\\Container\\Container->call(Array)
#13 /Users/geanfelipe/php-projects/api-series/vendor/symfony/console/Command/Command.php(256): Illuminate\\Console\\Command->execute(Object(Symfony\\Component\\Console\\Input\\ArgvInput), Object(Illuminate\\Console\\OutputStyle))
#14 /Users/geanfelipe/php-projects/api-series/vendor/illuminate/console/Command.php(121): Symfony\\Component\\Console\\Command\\Command->run(Object(Symfony\\Component\\Console\\Input\\ArgvInput), Object(Illuminate\\Console\\OutputStyle))
#15 /Users/geanfelipe/php-projects/api-series/vendor/symfony/console/Application.php(971): Illuminate\\Console\\Command->run(Object(Symfony\\Component\\Console\\Input\\ArgvInput), Object(Symfony\\Component\\Console\\Output\\ConsoleOutput))
#16 /Users/geanfelipe/php-projects/api-series/vendor/symfony/console/Application.php(290): Symfony\\Component\\Console\\Application->doRunCommand(Object(Illuminate\\Database\\Console\\Migrations\\InstallCommand), Object(Symfony\\Component\\Console\\Input\\ArgvInput), Object(Symfony\\Component\\Console\\Output\\ConsoleOutput))
#17 /Users/geanfelipe/php-projects/api-series/vendor/symfony/console/Application.php(166): Symfony\\Component\\Console\\Application->doRun(Object(Symfony\\Component\\Console\\Input\\ArgvInput), Object(Symfony\\Component\\Console\\Output\\ConsoleOutput))
#18 /Users/geanfelipe/php-projects/api-series/vendor/illuminate/console/Application.php(92): Symfony\\Component\\Console\\Application->run(Object(Symfony\\Component\\Console\\Input\\ArgvInput), Object(Symfony\\Component\\Console\\Output\\ConsoleOutput))
#19 /Users/geanfelipe/php-projects/api-series/vendor/laravel/lumen-framework/src/Console/Kernel.php(116): Illuminate\\Console\\Application->run(Object(Symfony\\Component\\Console\\Input\\ArgvInput), Object(Symfony\\Component\\Console\\Output\\ConsoleOutput))
#20 /Users/geanfelipe/php-projects/api-series/artisan(35): Laravel\\Lumen\\Console\\Kernel->handle(Object(Symfony\\Component\\Console\\Input\\ArgvInput), Object(Symfony\\Component\\Console\\Output\\ConsoleOutput))
#21 {main}

[previous exception] [object] (PDOException(code: 2054): SQLSTATE[HY000] [2054] The server requested authentication method unknown to the client at /Users/geanfelipe/php-projects/api-series/vendor/illuminate/database/Connectors/Connector.php:70)
[stacktrace]
#0 /Users/geanfelipe/php-projects/api-series/vendor/illuminate/database/Connectors/Connector.php(70): PDO->__construct('mysql:host=127....', 'root', '1234', Array)
#1 /Users/geanfelipe/php-projects/api-series/vendor/illuminate/database/Connectors/Connector.php(46): Illuminate\\Database\\Connectors\\Connector->createPdoConnection('mysql:host=127....', 'root', '1234', Array)
#2 /Users/geanfelipe/php-projects/api-series/vendor/illuminate/database/Connectors/MySqlConnector.php(24): Illuminate\\Database\\Connectors\\Connector->createConnection('mysql:host=127....', Array, Array)
#3 /Users/geanfelipe/php-projects/api-series/vendor/illuminate/database/Connectors/ConnectionFactory.php(184): Illuminate\\Database\\Connectors\\MySqlConnector->connect(Array)
#4 [internal function]: Illuminate\\Database\\Connectors\\ConnectionFactory->Illuminate\\Database\\Connectors\\{closure}()
#5 /Users/geanfelipe/php-projects/api-series/vendor/illuminate/database/Connection.php(949): call_user_func(Object(Closure))
#6 /Users/geanfelipe/php-projects/api-series/vendor/illuminate/database/Connection.php(465): Illuminate\\Database\\Connection->getPdo()
#7 /Users/geanfelipe/php-projects/api-series/vendor/illuminate/database/Connection.php(671): Illuminate\\Database\\Connection->Illuminate\\Database\\{closure}('create table `m...', Array)
#8 /Users/geanfelipe/php-projects/api-series/vendor/illuminate/database/Connection.php(638): Illuminate\\Database\\Connection->runQueryCallback('create table `m...', Array, Object(Closure))
#9 /Users/geanfelipe/php-projects/api-series/vendor/illuminate/database/Connection.php(472): Illuminate\\Database\\Connection->run('create table `m...', Array, Object(Closure))
#10 /Users/geanfelipe/php-projects/api-series/vendor/illuminate/database/Schema/Blueprint.php(109): Illuminate\\Database\\Connection->statement('create table `m...')
#11 /Users/geanfelipe/php-projects/api-series/vendor/illuminate/database/Schema/Builder.php(359): Illuminate\\Database\\Schema\\Blueprint->build(Object(Illuminate\\Database\\MySqlConnection), Object(Illuminate\\Database\\Schema\\Grammars\\MySqlGrammar))
#12 /Users/geanfelipe/php-projects/api-series/vendor/illuminate/database/Schema/Builder.php(222): Illuminate\\Database\\Schema\\Builder->build(Object(Illuminate\\Database\\Schema\\Blueprint))
#13 /Users/geanfelipe/php-projects/api-series/vendor/illuminate/database/Migrations/DatabaseMigrationRepository.php(157): Illuminate\\Database\\Schema\\Builder->create('migrations', Object(Closure))
#14 /Users/geanfelipe/php-projects/api-series/vendor/illuminate/database/Console/Migrations/InstallCommand.php(54): Illuminate\\Database\\Migrations\\DatabaseMigrationRepository->createRepository()
#15 /Users/geanfelipe/php-projects/api-series/vendor/illuminate/container/BoundMethod.php(36): Illuminate\\Database\\Console\\Migrations\\InstallCommand->handle()
#16 /Users/geanfelipe/php-projects/api-series/vendor/illuminate/container/Util.php(40): Illuminate\\Container\\BoundMethod::Illuminate\\Container\\{closure}()
#17 /Users/geanfelipe/php-projects/api-series/vendor/illuminate/container/BoundMethod.php(93): Illuminate\\Container\\Util::unwrapIfClosure(Object(Closure))
#18 /Users/geanfelipe/php-projects/api-series/vendor/illuminate/container/BoundMethod.php(37): Illuminate\\Container\\BoundMethod::callBoundMethod(Object(Laravel\\Lumen\\Application), Array, Object(Closure))
#19 /Users/geanfelipe/php-projects/api-series/vendor/illuminate/container/Container.php(611): Illuminate\\Container\\BoundMethod::call(Object(Laravel\\Lumen\\Application), Array, Array, NULL)
#20 /Users/geanfelipe/php-projects/api-series/vendor/illuminate/console/Command.php(136): Illuminate\\Container\\Container->call(Array)
#21 /Users/geanfelipe/php-projects/api-series/vendor/symfony/console/Command/Command.php(256): Illuminate\\Console\\Command->execute(Object(Symfony\\Component\\Console\\Input\\ArgvInput), Object(Illuminate\\Console\\OutputStyle))
#22 /Users/geanfelipe/php-projects/api-series/vendor/illuminate/console/Command.php(121): Symfony\\Component\\Console\\Command\\Command->run(Object(Symfony\\Component\\Console\\Input\\ArgvInput), Object(Illuminate\\Console\\OutputStyle))
#23 /Users/geanfelipe/php-projects/api-series/vendor/symfony/console/Application.php(971): Illuminate\\Console\\Command->run(Object(Symfony\\Component\\Console\\Input\\ArgvInput), Object(Symfony\\Component\\Console\\Output\\ConsoleOutput))
#24 /Users/geanfelipe/php-projects/api-series/vendor/symfony/console/Application.php(290): Symfony\\Component\\Console\\Application->doRunCommand(Object(Illuminate\\Database\\Console\\Migrations\\InstallCommand), Object(Symfony\\Component\\Console\\Input\\ArgvInput), Object(Symfony\\Component\\Console\\Output\\ConsoleOutput))
#25 /Users/geanfelipe/php-projects/api-series/vendor/symfony/console/Application.php(166): Symfony\\Component\\Console\\Application->doRun(Object(Symfony\\Component\\Console\\Input\\ArgvInput), Object(Symfony\\Component\\Console\\Output\\ConsoleOutput))
#26 /Users/geanfelipe/php-projects/api-series/vendor/illuminate/console/Application.php(92): Symfony\\Component\\Console\\Application->run(Object(Symfony\\Component\\Console\\Input\\ArgvInput), Object(Symfony\\Component\\Console\\Output\\ConsoleOutput))
#27 /Users/geanfelipe/php-projects/api-series/vendor/laravel/lumen-framework/src/Console/Kernel.php(116): Illuminate\\Console\\Application->run(Object(Symfony\\Component\\Console\\Input\\ArgvInput), Object(Symfony\\Component\\Console\\Output\\ConsoleOutput))
#28 /Users/geanfelipe/php-projects/api-series/artisan(35): Laravel\\Lumen\\Console\\Kernel->handle(Object(Symfony\\Component\\Console\\Input\\ArgvInput), Object(Symfony\\Component\\Console\\Output\\ConsoleOutput))
#29 {main}

[previous exception] [object] (PDOException(code: 0): PDO::__construct(): The server requested authentication method unknown to the client [caching_sha2_password] at /Users/geanfelipe/php-projects/api-series/vendor/illuminate/database/Connectors/Connector.php:70)
[stacktrace]
#0 /Users/geanfelipe/php-projects/api-series/vendor/illuminate/database/Connectors/Connector.php(70): PDO->__construct('mysql:host=127....', 'root', '1234', Array)
#1 /Users/geanfelipe/php-projects/api-series/vendor/illuminate/database/Connectors/Connector.php(46): Illuminate\\Database\\Connectors\\Connector->createPdoConnection('mysql:host=127....', 'root', '1234', Array)
#2 /Users/geanfelipe/php-projects/api-series/vendor/illuminate/database/Connectors/MySqlConnector.php(24): Illuminate\\Database\\Connectors\\Connector->createConnection('mysql:host=127....', Array, Array)
#3 /Users/geanfelipe/php-projects/api-series/vendor/illuminate/database/Connectors/ConnectionFactory.php(184): Illuminate\\Database\\Connectors\\MySqlConnector->connect(Array)
#4 [internal function]: Illuminate\\Database\\Connectors\\ConnectionFactory->Illuminate\\Database\\Connectors\\{closure}()
#5 /Users/geanfelipe/php-projects/api-series/vendor/illuminate/database/Connection.php(949): call_user_func(Object(Closure))
#6 /Users/geanfelipe/php-projects/api-series/vendor/illuminate/database/Connection.php(465): Illuminate\\Database\\Connection->getPdo()
#7 /Users/geanfelipe/php-projects/api-series/vendor/illuminate/database/Connection.php(671): Illuminate\\Database\\Connection->Illuminate\\Database\\{closure}('create table `m...', Array)
#8 /Users/geanfelipe/php-projects/api-series/vendor/illuminate/database/Connection.php(638): Illuminate\\Database\\Connection->runQueryCallback('create table `m...', Array, Object(Closure))
#9 /Users/geanfelipe/php-projects/api-series/vendor/illuminate/database/Connection.php(472): Illuminate\\Database\\Connection->run('create table `m...', Array, Object(Closure))
#10 /Users/geanfelipe/php-projects/api-series/vendor/illuminate/database/Schema/Blueprint.php(109): Illuminate\\Database\\Connection->statement('create table `m...')
#11 /Users/geanfelipe/php-projects/api-series/vendor/illuminate/database/Schema/Builder.php(359): Illuminate\\Database\\Schema\\Blueprint->build(Object(Illuminate\\Database\\MySqlConnection), Object(Illuminate\\Database\\Schema\\Grammars\\MySqlGrammar))
#12 /Users/geanfelipe/php-projects/api-series/vendor/illuminate/database/Schema/Builder.php(222): Illuminate\\Database\\Schema\\Builder->build(Object(Illuminate\\Database\\Schema\\Blueprint))
#13 /Users/geanfelipe/php-projects/api-series/vendor/illuminate/database/Migrations/DatabaseMigrationRepository.php(157): Illuminate\\Database\\Schema\\Builder->create('migrations', Object(Closure))
#14 /Users/geanfelipe/php-projects/api-series/vendor/illuminate/database/Console/Migrations/InstallCommand.php(54): Illuminate\\Database\\Migrations\\DatabaseMigrationRepository->createRepository()
#15 /Users/geanfelipe/php-projects/api-series/vendor/illuminate/container/BoundMethod.php(36): Illuminate\\Database\\Console\\Migrations\\InstallCommand->handle()
#16 /Users/geanfelipe/php-projects/api-series/vendor/illuminate/container/Util.php(40): Illuminate\\Container\\BoundMethod::Illuminate\\Container\\{closure}()
#17 /Users/geanfelipe/php-projects/api-series/vendor/illuminate/container/BoundMethod.php(93): Illuminate\\Container\\Util::unwrapIfClosure(Object(Closure))
#18 /Users/geanfelipe/php-projects/api-series/vendor/illuminate/container/BoundMethod.php(37): Illuminate\\Container\\BoundMethod::callBoundMethod(Object(Laravel\\Lumen\\Application), Array, Object(Closure))
#19 /Users/geanfelipe/php-projects/api-series/vendor/illuminate/container/Container.php(611): Illuminate\\Container\\BoundMethod::call(Object(Laravel\\Lumen\\Application), Array, Array, NULL)
#20 /Users/geanfelipe/php-projects/api-series/vendor/illuminate/console/Command.php(136): Illuminate\\Container\\Container->call(Array)
#21 /Users/geanfelipe/php-projects/api-series/vendor/symfony/console/Command/Command.php(256): Illuminate\\Console\\Command->execute(Object(Symfony\\Component\\Console\\Input\\ArgvInput), Object(Illuminate\\Console\\OutputStyle))
#22 /Users/geanfelipe/php-projects/api-series/vendor/illuminate/console/Command.php(121): Symfony\\Component\\Console\\Command\\Command->run(Object(Symfony\\Component\\Console\\Input\\ArgvInput), Object(Illuminate\\Console\\OutputStyle))
#23 /Users/geanfelipe/php-projects/api-series/vendor/symfony/console/Application.php(971): Illuminate\\Console\\Command->run(Object(Symfony\\Component\\Console\\Input\\ArgvInput), Object(Symfony\\Component\\Console\\Output\\ConsoleOutput))
#24 /Users/geanfelipe/php-projects/api-series/vendor/symfony/console/Application.php(290): Symfony\\Component\\Console\\Application->doRunCommand(Object(Illuminate\\Database\\Console\\Migrations\\InstallCommand), Object(Symfony\\Component\\Console\\Input\\ArgvInput), Object(Symfony\\Component\\Console\\Output\\ConsoleOutput))
#25 /Users/geanfelipe/php-projects/api-series/vendor/symfony/console/Application.php(166): Symfony\\Component\\Console\\Application->doRun(Object(Symfony\\Component\\Console\\Input\\ArgvInput), Object(Symfony\\Component\\Console\\Output\\ConsoleOutput))
#26 /Users/geanfelipe/php-projects/api-series/vendor/illuminate/console/Application.php(92): Symfony\\Component\\Console\\Application->run(Object(Symfony\\Component\\Console\\Input\\ArgvInput), Object(Symfony\\Component\\Console\\Output\\ConsoleOutput))
#27 /Users/geanfelipe/php-projects/api-series/vendor/laravel/lumen-framework/src/Console/Kernel.php(116): Illuminate\\Console\\Application->run(Object(Symfony\\Component\\Console\\Input\\ArgvInput), Object(Symfony\\Component\\Console\\Output\\ConsoleOutput))
#28 /Users/geanfelipe/php-projects/api-series/artisan(35): Laravel\\Lumen\\Console\\Kernel->handle(Object(Symfony\\Component\\Console\\Input\\ArgvInput), Object(Symfony\\Component\\Console\\Output\\ConsoleOutput))
#29 {main}
"} 
[2021-05-12 19:33:12] local.ERROR: SQLSTATE[HY000] [2054] The server requested authentication method unknown to the client (SQL: select * from information_schema.tables where table_schema = series and table_name = migrations and table_type = 'BASE TABLE') {"exception":"[object] (Illuminate\\Database\\QueryException(code: 2054): SQLSTATE[HY000] [2054] The server requested authentication method unknown to the client (SQL: select * from information_schema.tables where table_schema = series and table_name = migrations and table_type = 'BASE TABLE') at /Users/geanfelipe/php-projects/api-series/vendor/illuminate/database/Connection.php:678)
[stacktrace]
#0 /Users/geanfelipe/php-projects/api-series/vendor/illuminate/database/Connection.php(638): Illuminate\\Database\\Connection->runQueryCallback('select * from i...', Array, Object(Closure))
#1 /Users/geanfelipe/php-projects/api-series/vendor/illuminate/database/Connection.php(346): Illuminate\\Database\\Connection->run('select * from i...', Array, Object(Closure))
#2 /Users/geanfelipe/php-projects/api-series/vendor/illuminate/database/Schema/MySqlBuilder.php(44): Illuminate\\Database\\Connection->select('select * from i...', Array)
#3 /Users/geanfelipe/php-projects/api-series/vendor/illuminate/database/Migrations/DatabaseMigrationRepository.php(169): Illuminate\\Database\\Schema\\MySqlBuilder->hasTable('migrations')
#4 /Users/geanfelipe/php-projects/api-series/vendor/illuminate/database/Migrations/Migrator.php(645): Illuminate\\Database\\Migrations\\DatabaseMigrationRepository->repositoryExists()
#5 /Users/geanfelipe/php-projects/api-series/vendor/illuminate/database/Console/Migrations/MigrateCommand.php(106): Illuminate\\Database\\Migrations\\Migrator->repositoryExists()
#6 /Users/geanfelipe/php-projects/api-series/vendor/illuminate/database/Console/Migrations/MigrateCommand.php(77): Illuminate\\Database\\Console\\Migrations\\MigrateCommand->prepareDatabase()
#7 /Users/geanfelipe/php-projects/api-series/vendor/illuminate/database/Migrations/Migrator.php(578): Illuminate\\Database\\Console\\Migrations\\MigrateCommand->Illuminate\\Database\\Console\\Migrations\\{closure}()
#8 /Users/geanfelipe/php-projects/api-series/vendor/illuminate/database/Console/Migrations/MigrateCommand.php(94): Illuminate\\Database\\Migrations\\Migrator->usingConnection(NULL, Object(Closure))
#9 /Users/geanfelipe/php-projects/api-series/vendor/illuminate/container/BoundMethod.php(36): Illuminate\\Database\\Console\\Migrations\\MigrateCommand->handle()
#10 /Users/geanfelipe/php-projects/api-series/vendor/illuminate/container/Util.php(40): Illuminate\\Container\\BoundMethod::Illuminate\\Container\\{closure}()
#11 /Users/geanfelipe/php-projects/api-series/vendor/illuminate/container/BoundMethod.php(93): Illuminate\\Container\\Util::unwrapIfClosure(Object(Closure))
#12 /Users/geanfelipe/php-projects/api-series/vendor/illuminate/container/BoundMethod.php(37): Illuminate\\Container\\BoundMethod::callBoundMethod(Object(Laravel\\Lumen\\Application), Array, Object(Closure))
#13 /Users/geanfelipe/php-projects/api-series/vendor/illuminate/container/Container.php(611): Illuminate\\Container\\BoundMethod::call(Object(Laravel\\Lumen\\Application), Array, Array, NULL)
#14 /Users/geanfelipe/php-projects/api-series/vendor/illuminate/console/Command.php(136): Illuminate\\Container\\Container->call(Array)
#15 /Users/geanfelipe/php-projects/api-series/vendor/symfony/console/Command/Command.php(256): Illuminate\\Console\\Command->execute(Object(Symfony\\Component\\Console\\Input\\ArgvInput), Object(Illuminate\\Console\\OutputStyle))
#16 /Users/geanfelipe/php-projects/api-series/vendor/illuminate/console/Command.php(121): Symfony\\Component\\Console\\Command\\Command->run(Object(Symfony\\Component\\Console\\Input\\ArgvInput), Object(Illuminate\\Console\\OutputStyle))
#17 /Users/geanfelipe/php-projects/api-series/vendor/symfony/console/Application.php(971): Illuminate\\Console\\Command->run(Object(Symfony\\Component\\Console\\Input\\ArgvInput), Object(Symfony\\Component\\Console\\Output\\ConsoleOutput))
#18 /Users/geanfelipe/php-projects/api-series/vendor/symfony/console/Application.php(290): Symfony\\Component\\Console\\Application->doRunCommand(Object(Illuminate\\Database\\Console\\Migrations\\MigrateCommand), Object(Symfony\\Component\\Console\\Input\\ArgvInput), Object(Symfony\\Component\\Console\\Output\\ConsoleOutput))
#19 /Users/geanfelipe/php-projects/api-series/vendor/symfony/console/Application.php(166): Symfony\\Component\\Console\\Application->doRun(Object(Symfony\\Component\\Console\\Input\\ArgvInput), Object(Symfony\\Component\\Console\\Output\\ConsoleOutput))
#20 /Users/geanfelipe/php-projects/api-series/vendor/illuminate/console/Application.php(92): Symfony\\Component\\Console\\Application->run(Object(Symfony\\Component\\Console\\Input\\ArgvInput), Object(Symfony\\Component\\Console\\Output\\ConsoleOutput))
#21 /Users/geanfelipe/php-projects/api-series/vendor/laravel/lumen-framework/src/Console/Kernel.php(116): Illuminate\\Console\\Application->run(Object(Symfony\\Component\\Console\\Input\\ArgvInput), Object(Symfony\\Component\\Console\\Output\\ConsoleOutput))
#22 /Users/geanfelipe/php-projects/api-series/artisan(35): Laravel\\Lumen\\Console\\Kernel->handle(Object(Symfony\\Component\\Console\\Input\\ArgvInput), Object(Symfony\\Component\\Console\\Output\\ConsoleOutput))
#23 {main}

[previous exception] [object] (PDOException(code: 2054): SQLSTATE[HY000] [2054] The server requested authentication method unknown to the client at /Users/geanfelipe/php-projects/api-series/vendor/illuminate/database/Connectors/Connector.php:70)
[stacktrace]
#0 /Users/geanfelipe/php-projects/api-series/vendor/illuminate/database/Connectors/Connector.php(70): PDO->__construct('mysql:host=127....', 'root', '1234', Array)
#1 /Users/geanfelipe/php-projects/api-series/vendor/illuminate/database/Connectors/Connector.php(46): Illuminate\\Database\\Connectors\\Connector->createPdoConnection('mysql:host=127....', 'root', '1234', Array)
#2 /Users/geanfelipe/php-projects/api-series/vendor/illuminate/database/Connectors/MySqlConnector.php(24): Illuminate\\Database\\Connectors\\Connector->createConnection('mysql:host=127....', Array, Array)
#3 /Users/geanfelipe/php-projects/api-series/vendor/illuminate/database/Connectors/ConnectionFactory.php(184): Illuminate\\Database\\Connectors\\MySqlConnector->connect(Array)
#4 [internal function]: Illuminate\\Database\\Connectors\\ConnectionFactory->Illuminate\\Database\\Connectors\\{closure}()
#5 /Users/geanfelipe/php-projects/api-series/vendor/illuminate/database/Connection.php(949): call_user_func(Object(Closure))
#6 /Users/geanfelipe/php-projects/api-series/vendor/illuminate/database/Connection.php(984): Illuminate\\Database\\Connection->getPdo()
#7 /Users/geanfelipe/php-projects/api-series/vendor/illuminate/database/Connection.php(412): Illuminate\\Database\\Connection->getReadPdo()
#8 /Users/geanfelipe/php-projects/api-series/vendor/illuminate/database/Connection.php(338): Illuminate\\Database\\Connection->getPdoForSelect(true)
#9 /Users/geanfelipe/php-projects/api-series/vendor/illuminate/database/Connection.php(671): Illuminate\\Database\\Connection->Illuminate\\Database\\{closure}('select * from i...', Array)
#10 /Users/geanfelipe/php-projects/api-series/vendor/illuminate/database/Connection.php(638): Illuminate\\Database\\Connection->runQueryCallback('select * from i...', Array, Object(Closure))
#11 /Users/geanfelipe/php-projects/api-series/vendor/illuminate/database/Connection.php(346): Illuminate\\Database\\Connection->run('select * from i...', Array, Object(Closure))
#12 /Users/geanfelipe/php-projects/api-series/vendor/illuminate/database/Schema/MySqlBuilder.php(44): Illuminate\\Database\\Connection->select('select * from i...', Array)
#13 /Users/geanfelipe/php-projects/api-series/vendor/illuminate/database/Migrations/DatabaseMigrationRepository.php(169): Illuminate\\Database\\Schema\\MySqlBuilder->hasTable('migrations')
#14 /Users/geanfelipe/php-projects/api-series/vendor/illuminate/database/Migrations/Migrator.php(645): Illuminate\\Database\\Migrations\\DatabaseMigrationRepository->repositoryExists()
#15 /Users/geanfelipe/php-projects/api-series/vendor/illuminate/database/Console/Migrations/MigrateCommand.php(106): Illuminate\\Database\\Migrations\\Migrator->repositoryExists()
#16 /Users/geanfelipe/php-projects/api-series/vendor/illuminate/database/Console/Migrations/MigrateCommand.php(77): Illuminate\\Database\\Console\\Migrations\\MigrateCommand->prepareDatabase()
#17 /Users/geanfelipe/php-projects/api-series/vendor/illuminate/database/Migrations/Migrator.php(578): Illuminate\\Database\\Console\\Migrations\\MigrateCommand->Illuminate\\Database\\Console\\Migrations\\{closure}()
#18 /Users/geanfelipe/php-projects/api-series/vendor/illuminate/database/Console/Migrations/MigrateCommand.php(94): Illuminate\\Database\\Migrations\\Migrator->usingConnection(NULL, Object(Closure))
#19 /Users/geanfelipe/php-projects/api-series/vendor/illuminate/container/BoundMethod.php(36): Illuminate\\Database\\Console\\Migrations\\MigrateCommand->handle()
#20 /Users/geanfelipe/php-projects/api-series/vendor/illuminate/container/Util.php(40): Illuminate\\Container\\BoundMethod::Illuminate\\Container\\{closure}()
#21 /Users/geanfelipe/php-projects/api-series/vendor/illuminate/container/BoundMethod.php(93): Illuminate\\Container\\Util::unwrapIfClosure(Object(Closure))
#22 /Users/geanfelipe/php-projects/api-series/vendor/illuminate/container/BoundMethod.php(37): Illuminate\\Container\\BoundMethod::callBoundMethod(Object(Laravel\\Lumen\\Application), Array, Object(Closure))
#23 /Users/geanfelipe/php-projects/api-series/vendor/illuminate/container/Container.php(611): Illuminate\\Container\\BoundMethod::call(Object(Laravel\\Lumen\\Application), Array, Array, NULL)
#24 /Users/geanfelipe/php-projects/api-series/vendor/illuminate/console/Command.php(136): Illuminate\\Container\\Container->call(Array)
#25 /Users/geanfelipe/php-projects/api-series/vendor/symfony/console/Command/Command.php(256): Illuminate\\Console\\Command->execute(Object(Symfony\\Component\\Console\\Input\\ArgvInput), Object(Illuminate\\Console\\OutputStyle))
#26 /Users/geanfelipe/php-projects/api-series/vendor/illuminate/console/Command.php(121): Symfony\\Component\\Console\\Command\\Command->run(Object(Symfony\\Component\\Console\\Input\\ArgvInput), Object(Illuminate\\Console\\OutputStyle))
#27 /Users/geanfelipe/php-projects/api-series/vendor/symfony/console/Application.php(971): Illuminate\\Console\\Command->run(Object(Symfony\\Component\\Console\\Input\\ArgvInput), Object(Symfony\\Component\\Console\\Output\\ConsoleOutput))
#28 /Users/geanfelipe/php-projects/api-series/vendor/symfony/console/Application.php(290): Symfony\\Component\\Console\\Application->doRunCommand(Object(Illuminate\\Database\\Console\\Migrations\\MigrateCommand), Object(Symfony\\Component\\Console\\Input\\ArgvInput), Object(Symfony\\Component\\Console\\Output\\ConsoleOutput))
#29 /Users/geanfelipe/php-projects/api-series/vendor/symfony/console/Application.php(166): Symfony\\Component\\Console\\Application->doRun(Object(Symfony\\Component\\Console\\Input\\ArgvInput), Object(Symfony\\Component\\Console\\Output\\ConsoleOutput))
#30 /Users/geanfelipe/php-projects/api-series/vendor/illuminate/console/Application.php(92): Symfony\\Component\\Console\\Application->run(Object(Symfony\\Component\\Console\\Input\\ArgvInput), Object(Symfony\\Component\\Console\\Output\\ConsoleOutput))
#31 /Users/geanfelipe/php-projects/api-series/vendor/laravel/lumen-framework/src/Console/Kernel.php(116): Illuminate\\Console\\Application->run(Object(Symfony\\Component\\Console\\Input\\ArgvInput), Object(Symfony\\Component\\Console\\Output\\ConsoleOutput))
#32 /Users/geanfelipe/php-projects/api-series/artisan(35): Laravel\\Lumen\\Console\\Kernel->handle(Object(Symfony\\Component\\Console\\Input\\ArgvInput), Object(Symfony\\Component\\Console\\Output\\ConsoleOutput))
#33 {main}

[previous exception] [object] (PDOException(code: 0): PDO::__construct(): The server requested authentication method unknown to the client [caching_sha2_password] at /Users/geanfelipe/php-projects/api-series/vendor/illuminate/database/Connectors/Connector.php:70)
[stacktrace]
#0 /Users/geanfelipe/php-projects/api-series/vendor/illuminate/database/Connectors/Connector.php(70): PDO->__construct('mysql:host=127....', 'root', '1234', Array)
#1 /Users/geanfelipe/php-projects/api-series/vendor/illuminate/database/Connectors/Connector.php(46): Illuminate\\Database\\Connectors\\Connector->createPdoConnection('mysql:host=127....', 'root', '1234', Array)
#2 /Users/geanfelipe/php-projects/api-series/vendor/illuminate/database/Connectors/MySqlConnector.php(24): Illuminate\\Database\\Connectors\\Connector->createConnection('mysql:host=127....', Array, Array)
#3 /Users/geanfelipe/php-projects/api-series/vendor/illuminate/database/Connectors/ConnectionFactory.php(184): Illuminate\\Database\\Connectors\\MySqlConnector->connect(Array)
#4 [internal function]: Illuminate\\Database\\Connectors\\ConnectionFactory->Illuminate\\Database\\Connectors\\{closure}()
#5 /Users/geanfelipe/php-projects/api-series/vendor/illuminate/database/Connection.php(949): call_user_func(Object(Closure))
#6 /Users/geanfelipe/php-projects/api-series/vendor/illuminate/database/Connection.php(984): Illuminate\\Database\\Connection->getPdo()
#7 /Users/geanfelipe/php-projects/api-series/vendor/illuminate/database/Connection.php(412): Illuminate\\Database\\Connection->getReadPdo()
#8 /Users/geanfelipe/php-projects/api-series/vendor/illuminate/database/Connection.php(338): Illuminate\\Database\\Connection->getPdoForSelect(true)
#9 /Users/geanfelipe/php-projects/api-series/vendor/illuminate/database/Connection.php(671): Illuminate\\Database\\Connection->Illuminate\\Database\\{closure}('select * from i...', Array)
#10 /Users/geanfelipe/php-projects/api-series/vendor/illuminate/database/Connection.php(638): Illuminate\\Database\\Connection->runQueryCallback('select * from i...', Array, Object(Closure))
#11 /Users/geanfelipe/php-projects/api-series/vendor/illuminate/database/Connection.php(346): Illuminate\\Database\\Connection->run('select * from i...', Array, Object(Closure))
#12 /Users/geanfelipe/php-projects/api-series/vendor/illuminate/database/Schema/MySqlBuilder.php(44): Illuminate\\Database\\Connection->select('select * from i...', Array)
#13 /Users/geanfelipe/php-projects/api-series/vendor/illuminate/database/Migrations/DatabaseMigrationRepository.php(169): Illuminate\\Database\\Schema\\MySqlBuilder->hasTable('migrations')
#14 /Users/geanfelipe/php-projects/api-series/vendor/illuminate/database/Migrations/Migrator.php(645): Illuminate\\Database\\Migrations\\DatabaseMigrationRepository->repositoryExists()
#15 /Users/geanfelipe/php-projects/api-series/vendor/illuminate/database/Console/Migrations/MigrateCommand.php(106): Illuminate\\Database\\Migrations\\Migrator->repositoryExists()
#16 /Users/geanfelipe/php-projects/api-series/vendor/illuminate/database/Console/Migrations/MigrateCommand.php(77): Illuminate\\Database\\Console\\Migrations\\MigrateCommand->prepareDatabase()
#17 /Users/geanfelipe/php-projects/api-series/vendor/illuminate/database/Migrations/Migrator.php(578): Illuminate\\Database\\Console\\Migrations\\MigrateCommand->Illuminate\\Database\\Console\\Migrations\\{closure}()
#18 /Users/geanfelipe/php-projects/api-series/vendor/illuminate/database/Console/Migrations/MigrateCommand.php(94): Illuminate\\Database\\Migrations\\Migrator->usingConnection(NULL, Object(Closure))
#19 /Users/geanfelipe/php-projects/api-series/vendor/illuminate/container/BoundMethod.php(36): Illuminate\\Database\\Console\\Migrations\\MigrateCommand->handle()
#20 /Users/geanfelipe/php-projects/api-series/vendor/illuminate/container/Util.php(40): Illuminate\\Container\\BoundMethod::Illuminate\\Container\\{closure}()
#21 /Users/geanfelipe/php-projects/api-series/vendor/illuminate/container/BoundMethod.php(93): Illuminate\\Container\\Util::unwrapIfClosure(Object(Closure))
#22 /Users/geanfelipe/php-projects/api-series/vendor/illuminate/container/BoundMethod.php(37): Illuminate\\Container\\BoundMethod::callBoundMethod(Object(Laravel\\Lumen\\Application), Array, Object(Closure))
#23 /Users/geanfelipe/php-projects/api-series/vendor/illuminate/container/Container.php(611): Illuminate\\Container\\BoundMethod::call(Object(Laravel\\Lumen\\Application), Array, Array, NULL)
#24 /Users/geanfelipe/php-projects/api-series/vendor/illuminate/console/Command.php(136): Illuminate\\Container\\Container->call(Array)
#25 /Users/geanfelipe/php-projects/api-series/vendor/symfony/console/Command/Command.php(256): Illuminate\\Console\\Command->execute(Object(Symfony\\Component\\Console\\Input\\ArgvInput), Object(Illuminate\\Console\\OutputStyle))
#26 /Users/geanfelipe/php-projects/api-series/vendor/illuminate/console/Command.php(121): Symfony\\Component\\Console\\Command\\Command->run(Object(Symfony\\Component\\Console\\Input\\ArgvInput), Object(Illuminate\\Console\\OutputStyle))
#27 /Users/geanfelipe/php-projects/api-series/vendor/symfony/console/Application.php(971): Illuminate\\Console\\Command->run(Object(Symfony\\Component\\Console\\Input\\ArgvInput), Object(Symfony\\Component\\Console\\Output\\ConsoleOutput))
#28 /Users/geanfelipe/php-projects/api-series/vendor/symfony/console/Application.php(290): Symfony\\Component\\Console\\Application->doRunCommand(Object(Illuminate\\Database\\Console\\Migrations\\MigrateCommand), Object(Symfony\\Component\\Console\\Input\\ArgvInput), Object(Symfony\\Component\\Console\\Output\\ConsoleOutput))
#29 /Users/geanfelipe/php-projects/api-series/vendor/symfony/console/Application.php(166): Symfony\\Component\\Console\\Application->doRun(Object(Symfony\\Component\\Console\\Input\\ArgvInput), Object(Symfony\\Component\\Console\\Output\\ConsoleOutput))
#30 /Users/geanfelipe/php-projects/api-series/vendor/illuminate/console/Application.php(92): Symfony\\Component\\Console\\Application->run(Object(Symfony\\Component\\Console\\Input\\ArgvInput), Object(Symfony\\Component\\Console\\Output\\ConsoleOutput))
#31 /Users/geanfelipe/php-projects/api-series/vendor/laravel/lumen-framework/src/Console/Kernel.php(116): Illuminate\\Console\\Application->run(Object(Symfony\\Component\\Console\\Input\\ArgvInput), Object(Symfony\\Component\\Console\\Output\\ConsoleOutput))
#32 /Users/geanfelipe/php-projects/api-series/artisan(35): Laravel\\Lumen\\Console\\Kernel->handle(Object(Symfony\\Component\\Console\\Input\\ArgvInput), Object(Symfony\\Component\\Console\\Output\\ConsoleOutput))
#33 {main}
"} 
[2021-05-12 19:36:35] local.ERROR: Database (/Users/geanfelipe/php-projects/api-series/bootstrap/database/database.sqlite) does not exist. (SQL: select * from sqlite_master where type = 'table' and name = migrations) {"exception":"[object] (Illuminate\\Database\\QueryException(code: 0): Database (/Users/geanfelipe/php-projects/api-series/bootstrap/database/database.sqlite) does not exist. (SQL: select * from sqlite_master where type = 'table' and name = migrations) at /Users/geanfelipe/php-projects/api-series/vendor/illuminate/database/Connection.php:678)
[stacktrace]
#0 /Users/geanfelipe/php-projects/api-series/vendor/illuminate/database/Connection.php(638): Illuminate\\Database\\Connection->runQueryCallback('select * from s...', Array, Object(Closure))
#1 /Users/geanfelipe/php-projects/api-series/vendor/illuminate/database/Connection.php(346): Illuminate\\Database\\Connection->run('select * from s...', Array, Object(Closure))
#2 /Users/geanfelipe/php-projects/api-series/vendor/illuminate/database/Connection.php(316): Illuminate\\Database\\Connection->select('select * from s...', Array, false)
#3 /Users/geanfelipe/php-projects/api-series/vendor/illuminate/database/Schema/Builder.php(130): Illuminate\\Database\\Connection->selectFromWriteConnection('select * from s...', Array)
#4 /Users/geanfelipe/php-projects/api-series/vendor/illuminate/database/Migrations/DatabaseMigrationRepository.php(169): Illuminate\\Database\\Schema\\Builder->hasTable('migrations')
#5 /Users/geanfelipe/php-projects/api-series/vendor/illuminate/database/Migrations/Migrator.php(645): Illuminate\\Database\\Migrations\\DatabaseMigrationRepository->repositoryExists()
#6 /Users/geanfelipe/php-projects/api-series/vendor/illuminate/database/Console/Migrations/MigrateCommand.php(106): Illuminate\\Database\\Migrations\\Migrator->repositoryExists()
#7 /Users/geanfelipe/php-projects/api-series/vendor/illuminate/database/Console/Migrations/MigrateCommand.php(77): Illuminate\\Database\\Console\\Migrations\\MigrateCommand->prepareDatabase()
#8 /Users/geanfelipe/php-projects/api-series/vendor/illuminate/database/Migrations/Migrator.php(578): Illuminate\\Database\\Console\\Migrations\\MigrateCommand->Illuminate\\Database\\Console\\Migrations\\{closure}()
#9 /Users/geanfelipe/php-projects/api-series/vendor/illuminate/database/Console/Migrations/MigrateCommand.php(94): Illuminate\\Database\\Migrations\\Migrator->usingConnection(NULL, Object(Closure))
#10 /Users/geanfelipe/php-projects/api-series/vendor/illuminate/container/BoundMethod.php(36): Illuminate\\Database\\Console\\Migrations\\MigrateCommand->handle()
#11 /Users/geanfelipe/php-projects/api-series/vendor/illuminate/container/Util.php(40): Illuminate\\Container\\BoundMethod::Illuminate\\Container\\{closure}()
#12 /Users/geanfelipe/php-projects/api-series/vendor/illuminate/container/BoundMethod.php(93): Illuminate\\Container\\Util::unwrapIfClosure(Object(Closure))
#13 /Users/geanfelipe/php-projects/api-series/vendor/illuminate/container/BoundMethod.php(37): Illuminate\\Container\\BoundMethod::callBoundMethod(Object(Laravel\\Lumen\\Application), Array, Object(Closure))
#14 /Users/geanfelipe/php-projects/api-series/vendor/illuminate/container/Container.php(611): Illuminate\\Container\\BoundMethod::call(Object(Laravel\\Lumen\\Application), Array, Array, NULL)
#15 /Users/geanfelipe/php-projects/api-series/vendor/illuminate/console/Command.php(136): Illuminate\\Container\\Container->call(Array)
#16 /Users/geanfelipe/php-projects/api-series/vendor/symfony/console/Command/Command.php(256): Illuminate\\Console\\Command->execute(Object(Symfony\\Component\\Console\\Input\\ArgvInput), Object(Illuminate\\Console\\OutputStyle))
#17 /Users/geanfelipe/php-projects/api-series/vendor/illuminate/console/Command.php(121): Symfony\\Component\\Console\\Command\\Command->run(Object(Symfony\\Component\\Console\\Input\\ArgvInput), Object(Illuminate\\Console\\OutputStyle))
#18 /Users/geanfelipe/php-projects/api-series/vendor/symfony/console/Application.php(971): Illuminate\\Console\\Command->run(Object(Symfony\\Component\\Console\\Input\\ArgvInput), Object(Symfony\\Component\\Console\\Output\\ConsoleOutput))
#19 /Users/geanfelipe/php-projects/api-series/vendor/symfony/console/Application.php(290): Symfony\\Component\\Console\\Application->doRunCommand(Object(Illuminate\\Database\\Console\\Migrations\\MigrateCommand), Object(Symfony\\Component\\Console\\Input\\ArgvInput), Object(Symfony\\Component\\Console\\Output\\ConsoleOutput))
#20 /Users/geanfelipe/php-projects/api-series/vendor/symfony/console/Application.php(166): Symfony\\Component\\Console\\Application->doRun(Object(Symfony\\Component\\Console\\Input\\ArgvInput), Object(Symfony\\Component\\Console\\Output\\ConsoleOutput))
#21 /Users/geanfelipe/php-projects/api-series/vendor/illuminate/console/Application.php(92): Symfony\\Component\\Console\\Application->run(Object(Symfony\\Component\\Console\\Input\\ArgvInput), Object(Symfony\\Component\\Console\\Output\\ConsoleOutput))
#22 /Users/geanfelipe/php-projects/api-series/vendor/laravel/lumen-framework/src/Console/Kernel.php(116): Illuminate\\Console\\Application->run(Object(Symfony\\Component\\Console\\Input\\ArgvInput), Object(Symfony\\Component\\Console\\Output\\ConsoleOutput))
#23 /Users/geanfelipe/php-projects/api-series/artisan(35): Laravel\\Lumen\\Console\\Kernel->handle(Object(Symfony\\Component\\Console\\Input\\ArgvInput), Object(Symfony\\Component\\Console\\Output\\ConsoleOutput))
#24 {main}

[previous exception] [object] (InvalidArgumentException(code: 0): Database (/Users/geanfelipe/php-projects/api-series/bootstrap/database/database.sqlite) does not exist. at /Users/geanfelipe/php-projects/api-series/vendor/illuminate/database/Connectors/SQLiteConnector.php:34)
[stacktrace]
#0 /Users/geanfelipe/php-projects/api-series/vendor/illuminate/database/Connectors/ConnectionFactory.php(222): Illuminate\\Database\\Connectors\\SQLiteConnector->connect(Array)
#1 [internal function]: Illuminate\\Database\\Connectors\\ConnectionFactory->Illuminate\\Database\\Connectors\\{closure}()
#2 /Users/geanfelipe/php-projects/api-series/vendor/illuminate/database/Connection.php(949): call_user_func(Object(Closure))
#3 /Users/geanfelipe/php-projects/api-series/vendor/illuminate/database/Connection.php(412): Illuminate\\Database\\Connection->getPdo()
#4 /Users/geanfelipe/php-projects/api-series/vendor/illuminate/database/Connection.php(338): Illuminate\\Database\\Connection->getPdoForSelect(false)
#5 /Users/geanfelipe/php-projects/api-series/vendor/illuminate/database/Connection.php(671): Illuminate\\Database\\Connection->Illuminate\\Database\\{closure}('select * from s...', Array)
#6 /Users/geanfelipe/php-projects/api-series/vendor/illuminate/database/Connection.php(638): Illuminate\\Database\\Connection->runQueryCallback('select * from s...', Array, Object(Closure))
#7 /Users/geanfelipe/php-projects/api-series/vendor/illuminate/database/Connection.php(346): Illuminate\\Database\\Connection->run('select * from s...', Array, Object(Closure))
#8 /Users/geanfelipe/php-projects/api-series/vendor/illuminate/database/Connection.php(316): Illuminate\\Database\\Connection->select('select * from s...', Array, false)
#9 /Users/geanfelipe/php-projects/api-series/vendor/illuminate/database/Schema/Builder.php(130): Illuminate\\Database\\Connection->selectFromWriteConnection('select * from s...', Array)
#10 /Users/geanfelipe/php-projects/api-series/vendor/illuminate/database/Migrations/DatabaseMigrationRepository.php(169): Illuminate\\Database\\Schema\\Builder->hasTable('migrations')
#11 /Users/geanfelipe/php-projects/api-series/vendor/illuminate/database/Migrations/Migrator.php(645): Illuminate\\Database\\Migrations\\DatabaseMigrationRepository->repositoryExists()
#12 /Users/geanfelipe/php-projects/api-series/vendor/illuminate/database/Console/Migrations/MigrateCommand.php(106): Illuminate\\Database\\Migrations\\Migrator->repositoryExists()
#13 /Users/geanfelipe/php-projects/api-series/vendor/illuminate/database/Console/Migrations/MigrateCommand.php(77): Illuminate\\Database\\Console\\Migrations\\MigrateCommand->prepareDatabase()
#14 /Users/geanfelipe/php-projects/api-series/vendor/illuminate/database/Migrations/Migrator.php(578): Illuminate\\Database\\Console\\Migrations\\MigrateCommand->Illuminate\\Database\\Console\\Migrations\\{closure}()
#15 /Users/geanfelipe/php-projects/api-series/vendor/illuminate/database/Console/Migrations/MigrateCommand.php(94): Illuminate\\Database\\Migrations\\Migrator->usingConnection(NULL, Object(Closure))
#16 /Users/geanfelipe/php-projects/api-series/vendor/illuminate/container/BoundMethod.php(36): Illuminate\\Database\\Console\\Migrations\\MigrateCommand->handle()
#17 /Users/geanfelipe/php-projects/api-series/vendor/illuminate/container/Util.php(40): Illuminate\\Container\\BoundMethod::Illuminate\\Container\\{closure}()
#18 /Users/geanfelipe/php-projects/api-series/vendor/illuminate/container/BoundMethod.php(93): Illuminate\\Container\\Util::unwrapIfClosure(Object(Closure))
#19 /Users/geanfelipe/php-projects/api-series/vendor/illuminate/container/BoundMethod.php(37): Illuminate\\Container\\BoundMethod::callBoundMethod(Object(Laravel\\Lumen\\Application), Array, Object(Closure))
#20 /Users/geanfelipe/php-projects/api-series/vendor/illuminate/container/Container.php(611): Illuminate\\Container\\BoundMethod::call(Object(Laravel\\Lumen\\Application), Array, Array, NULL)
#21 /Users/geanfelipe/php-projects/api-series/vendor/illuminate/console/Command.php(136): Illuminate\\Container\\Container->call(Array)
#22 /Users/geanfelipe/php-projects/api-series/vendor/symfony/console/Command/Command.php(256): Illuminate\\Console\\Command->execute(Object(Symfony\\Component\\Console\\Input\\ArgvInput), Object(Illuminate\\Console\\OutputStyle))
#23 /Users/geanfelipe/php-projects/api-series/vendor/illuminate/console/Command.php(121): Symfony\\Component\\Console\\Command\\Command->run(Object(Symfony\\Component\\Console\\Input\\ArgvInput), Object(Illuminate\\Console\\OutputStyle))
#24 /Users/geanfelipe/php-projects/api-series/vendor/symfony/console/Application.php(971): Illuminate\\Console\\Command->run(Object(Symfony\\Component\\Console\\Input\\ArgvInput), Object(Symfony\\Component\\Console\\Output\\ConsoleOutput))
#25 /Users/geanfelipe/php-projects/api-series/vendor/symfony/console/Application.php(290): Symfony\\Component\\Console\\Application->doRunCommand(Object(Illuminate\\Database\\Console\\Migrations\\MigrateCommand), Object(Symfony\\Component\\Console\\Input\\ArgvInput), Object(Symfony\\Component\\Console\\Output\\ConsoleOutput))
#26 /Users/geanfelipe/php-projects/api-series/vendor/symfony/console/Application.php(166): Symfony\\Component\\Console\\Application->doRun(Object(Symfony\\Component\\Console\\Input\\ArgvInput), Object(Symfony\\Component\\Console\\Output\\ConsoleOutput))
#27 /Users/geanfelipe/php-projects/api-series/vendor/illuminate/console/Application.php(92): Symfony\\Component\\Console\\Application->run(Object(Symfony\\Component\\Console\\Input\\ArgvInput), Object(Symfony\\Component\\Console\\Output\\ConsoleOutput))
#28 /Users/geanfelipe/php-projects/api-series/vendor/laravel/lumen-framework/src/Console/Kernel.php(116): Illuminate\\Console\\Application->run(Object(Symfony\\Component\\Console\\Input\\ArgvInput), Object(Symfony\\Component\\Console\\Output\\ConsoleOutput))
#29 /Users/geanfelipe/php-projects/api-series/artisan(35): Laravel\\Lumen\\Console\\Kernel->handle(Object(Symfony\\Component\\Console\\Input\\ArgvInput), Object(Symfony\\Component\\Console\\Output\\ConsoleOutput))
#30 {main}
"} 
